2022-05-12 18:00:27.006  INFO 19088 --- [main] c.e.I.IiitbHandshakeBackendApplication   : Starting IiitbHandshakeBackendApplication using Java 11.0.15 on nikunj-Lenovo-ideapad-520-15IKB with PID 19088 (/home/nikunj/Documents/iglobe/Iiitb-Handshake-Backend/target/classes started by nikunj in /home/nikunj/Documents/iglobe/Iiitb-Handshake-Backend)
2022-05-12 18:00:27.008  INFO 19088 --- [main] c.e.I.IiitbHandshakeBackendApplication   : No active profile set, falling back to 1 default profile: "default"
2022-05-12 18:00:27.634  INFO 19088 --- [main] .s.d.r.c.RepositoryConfigurationDelegate : Bootstrapping Spring Data JPA repositories in DEFAULT mode.
2022-05-12 18:00:27.678  INFO 19088 --- [main] .s.d.r.c.RepositoryConfigurationDelegate : Finished Spring Data repository scanning in 36 ms. Found 4 JPA repository interfaces.
2022-05-12 18:00:28.099  INFO 19088 --- [main] o.s.b.w.embedded.tomcat.TomcatWebServer  : Tomcat initialized with port(s): 8082 (http)
2022-05-12 18:00:28.105  INFO 19088 --- [main] o.apache.catalina.core.StandardService   : Starting service [Tomcat]
2022-05-12 18:00:28.105  INFO 19088 --- [main] org.apache.catalina.core.StandardEngine  : Starting Servlet engine: [Apache Tomcat/9.0.60]
2022-05-12 18:00:28.170  INFO 19088 --- [main] o.a.c.c.C.[Tomcat].[localhost].[/]       : Initializing Spring embedded WebApplicationContext
2022-05-12 18:00:28.171  INFO 19088 --- [main] w.s.c.ServletWebServerApplicationContext : Root WebApplicationContext: initialization completed in 1109 ms
2022-05-12 18:00:28.318  INFO 19088 --- [main] o.hibernate.jpa.internal.util.LogHelper  : HHH000204: Processing PersistenceUnitInfo [name: default]
2022-05-12 18:00:28.358  INFO 19088 --- [main] org.hibernate.Version                    : HHH000412: Hibernate ORM core version 5.6.7.Final
2022-05-12 18:00:28.465  INFO 19088 --- [main] o.hibernate.annotations.common.Version   : HCANN000001: Hibernate Commons Annotations {5.1.2.Final}
2022-05-12 18:00:28.524  INFO 19088 --- [main] com.zaxxer.hikari.HikariDataSource       : HikariPool-1 - Starting...
2022-05-12 18:00:28.858  INFO 19088 --- [main] com.zaxxer.hikari.HikariDataSource       : HikariPool-1 - Start completed.
2022-05-12 18:00:28.868  INFO 19088 --- [main] org.hibernate.dialect.Dialect            : HHH000400: Using dialect: org.hibernate.dialect.MySQL57Dialect
2022-05-12 18:00:29.291  INFO 19088 --- [main] o.h.e.t.j.p.i.JtaPlatformInitiator       : HHH000490: Using JtaPlatform implementation: [org.hibernate.engine.transaction.jta.platform.internal.NoJtaPlatform]
2022-05-12 18:00:29.297  INFO 19088 --- [main] j.LocalContainerEntityManagerFactoryBean : Initialized JPA EntityManagerFactory for persistence unit 'default'
2022-05-12 18:00:29.330  WARN 19088 --- [main] JpaBaseConfiguration$JpaWebConfiguration : spring.jpa.open-in-view is enabled by default. Therefore, database queries may be performed during view rendering. Explicitly configure spring.jpa.open-in-view to disable this warning
2022-05-12 18:00:29.628  INFO 19088 --- [main] c.e.I.controller.UserController          : Logs are getting generated

2022-05-12 18:00:29.715  INFO 19088 --- [main] o.s.s.web.DefaultSecurityFilterChain     : Will not secure any request
2022-05-12 18:00:29.965  INFO 19088 --- [main] o.s.b.w.embedded.tomcat.TomcatWebServer  : Tomcat started on port(s): 8082 (http) with context path ''
2022-05-12 18:00:29.973  INFO 19088 --- [main] c.e.I.IiitbHandshakeBackendApplication   : Started IiitbHandshakeBackendApplication in 3.355 seconds (JVM running for 4.059)
2022-05-12 18:00:34.783  INFO 19088 --- [SpringApplicationShutdownHook] j.LocalContainerEntityManagerFactoryBean : Closing JPA EntityManagerFactory for persistence unit 'default'
2022-05-12 18:00:34.785  INFO 19088 --- [SpringApplicationShutdownHook] com.zaxxer.hikari.HikariDataSource       : HikariPool-1 - Shutdown initiated...
2022-05-12 18:00:34.799  INFO 19088 --- [SpringApplicationShutdownHook] com.zaxxer.hikari.HikariDataSource       : HikariPool-1 - Shutdown completed.
